0: 345
image_size:	2704x1800
focal_length:	2704.000
#sift count:	6204

1: 330
image_size:	2704x1800
focal_length:	2704.000
#sift count:	5801

2: 315
image_size:	2704x1800
focal_length:	2704.000
#sift count:	5272

3: 300
image_size:	2704x1800
focal_length:	2704.000
#sift count:	4543

4: 285
image_size:	2704x1800
focal_length:	2704.000
#sift count:	3833

5: 270
image_size:	2704x1800
focal_length:	2704.000
#sift count:	3684

6: 255
image_size:	2704x1800
focal_length:	2704.000
#sift count:	3915

7: 240
image_size:	2704x1800
focal_length:	2704.000
#sift count:	4316

8: 225
image_size:	2704x1800
focal_length:	2704.000
#sift count:	4693

9: 210
image_size:	2704x1800
focal_length:	2704.000
#sift count:	4701

10: 195
image_size:	2704x1800
focal_length:	2704.000
#sift count:	4745

11: 180
image_size:	2704x1800
focal_length:	2704.000
#sift count:	4660

12: 165
image_size:	2704x1800
focal_length:	2704.000
#sift count:	4668

13: 150
image_size:	2704x1800
focal_length:	2704.000
#sift count:	4751

14: 135
image_size:	2704x1800
focal_length:	2704.000
#sift count:	4936

15: 120
image_size:	2704x1800
focal_length:	2704.000
#sift count:	4661

16: 105
image_size:	2704x1800
focal_length:	2704.000
#sift count:	4342

17: 090
image_size:	2704x1800
focal_length:	2704.000
#sift count:	4167

18: 075
image_size:	2704x1800
focal_length:	2704.000
#sift count:	4421

19: 060
image_size:	2704x1800
focal_length:	2704.000
#sift count:	5069

20: 045
image_size:	2704x1800
focal_length:	2704.000
#sift count:	5492

21: 030
image_size:	2704x1800
focal_length:	2704.000
#sift count:	5624

22: 015
image_size:	2704x1800
focal_length:	2704.000
#sift count:	6079

23: 000
image_size:	2704x1800
focal_length:	2704.000
#sift count:	6174

Loading image pixel data ...done in 2s

Load existing NView match, begin...
Load threedoutput.nvm...
Loading 8316 3D points...
# images loaded:	0
Loading image pixel data ...done in 0s
Loading matching records ...done in 0s
----------------------------------------------------------------
Load existing NView match, finished
Totally 0.000 seconds used

Loading image pixel data ...done in 0s

Compute Missing Pairwise Matching, begin...
0 pairs to compute match
----------------------------------------------------------------
Compute Missing Pairwise Matching, finished
Totally 0.000 seconds used


Compute Missing Pairwise Matching, begin...
0 pairs to compute match
----------------------------------------------------------------
Compute Missing Pairwise Matching, finished
Totally 0.000 seconds used


Run full 3D reconstruction, begin...
48 pairs have two-view models
183 pairs have fundamental matrices
Initialize with 345 and 015
147 3D points initialized from two images
PBA library version = 105
PBA: 147 3D pts, 2 cams and 294 projs...
PBA: 0.499 -> 0.273 (44 LMs in 1.01sec)
Focal Length : [2704.000]->[2759.312]
Focal Length : [2704.000]->[2771.828]

#############################
#3: [000] sees 244 (+1349) 3D points
Focal Length in EXIF  [2704.000]
Estimated Focal Length [2704][1.00N]
# 127 projs (0 pts and 0 merges)
PBA: 147 3D pts, 3 cams and 421 projs...
PBA: 1.411 -> 0.356 (100 LMs in 0.64sec)

**************************************
#3/3:  3048 projs and 1349 pts added.
PBA: 1496 3D pts, 3 cams and 3342 projs...
PBA: 0.851 -> 0.293 (47 LMs in 0.20sec)
PBA: 1496 3D pts, 3 cams and 3342 projs...
PBA: 0.293 -> 0.265 (44 LMs in 0.17sec)
Focal Length : [2704.000]->[2742.081]
Radial Distortion : [-0.215 -> -71]

#############################
#4: [030] sees 568 (+670) 3D points
Focal Length in EXIF  [2704.000]
Estimated Focal Length [2704][1.00N]
# 1340 projs (474 pts and 2 merges)
PBA: 1967 3D pts, 4 cams and 4680 projs...
PBA: 0.965 -> 0.262 (51 LMs in 0.20sec)
#points w/ large errors:	3
Focal Length : [2704.000]->[2659.949]
Radial Distortion : [-0.090 -> -32]

#############################
#5: [045] sees 239 (+294) 3D points
Focal Length in EXIF  [2704.000]
Estimated Focal Length [2704][1.00N]
# 777 projs (288 pts and 0 merges)
PBA: 2250 3D pts, 5 cams and 5445 projs...
PBA: 0.510 -> 0.325 (12 LMs in 0.04sec)
#points w/ large errors:	7

**************************************
#5/5:  793 projs and 296 pts added.
PBA: 2251 3D pts, 5 cams and 5441 projs...
PBA: 0.281 -> 0.280 (50 LMs in 0.57sec)
#points w/ large errors:	1
PBA: 2250 3D pts, 5 cams and 5438 projs...
PBA: 0.280 -> 0.280 (13 LMs in 0.06sec)
Focal Length : [2704.000]->[2656.891]
Radial Distortion : [-0.077 -> -28]

#############################
#6: [330] sees 355 (+667) 3D points
Focal Length in EXIF  [2704.000]
Estimated Focal Length [2704][1.00N]
# 1292 projs (499 pts and 2 merges)
PBA: 2742 3D pts, 6 cams and 6720 projs...
PBA: 0.498 -> 0.327 (26 LMs in 0.10sec)
#points w/ large errors:	8
Focal Length : [2704.000]->[2649.627]
Radial Distortion : [-0.080 -> -29]

#############################
#7: [315] sees 283 (+474) 3D points
Focal Length in EXIF  [2704.000]
Estimated Focal Length [2704][1.00N]
# 1184 projs (471 pts and 0 merges)
PBA: 3201 3D pts, 7 cams and 7871 projs...
PBA: 0.388 -> 0.329 (21 LMs in 0.06sec)
#points w/ large errors:	8

**************************************
#7/7:  1184 projs and 471 pts added.
PBA: 3193 3D pts, 7 cams and 7840 projs...
PBA: 0.278 -> 0.275 (24 LMs in 0.06sec)
PBA: 3193 3D pts, 7 cams and 7840 projs...
PBA: 0.275 -> 0.275 (12 LMs in 0.02sec)
Focal Length : [2704.000]->[2670.856]
Radial Distortion : [-0.048 -> -17]

#############################
#8: [300] sees 179 (+236) 3D points
Focal Length in EXIF  [2704.000]
Estimated Focal Length [2704][1.00N]
# 632 projs (236 pts and 0 merges)
PBA: 3429 3D pts, 8 cams and 8472 projs...
PBA: 0.384 -> 0.288 (16 LMs in 0.08sec)
#points w/ large errors:	2
Focal Length : [2704.000]->[2677.198]
Radial Distortion : [-0.048 -> -17]

#############################
#9: [060] sees 75 (+217) 3D points
Focal Length in EXIF  [2704.000]
Estimated Focal Length [2704][1.00N]
# 528 projs (223 pts and 0 merges)
PBA: 3648 3D pts, 9 cams and 8987 projs...
PBA: 0.311 -> 0.300 (16 LMs in 0.13sec)
#points w/ large errors:	4

**************************************
#9/9:  536 projs and 227 pts added.
PBA: 3648 3D pts, 9 cams and 8982 projs...
PBA: 0.298 -> 0.297 (13 LMs in 0.08sec)
PBA: 3648 3D pts, 9 cams and 8982 projs...
PBA: 0.297 -> 0.297 (11 LMs in 0.02sec)
Focal Length : [2704.000]->[2670.436]
Radial Distortion : [-0.054 -> -19]

#############################
#10: [075] sees 44 (+257) 3D points
Focal Length in EXIF  [2704.000]
Estimated Focal Length [2704][1.00N]
# 44 projs (0 pts and 0 merges)
PBA: 3647 3D pts, 10 cams and 9024 projs...
PBA: 0.306 -> 0.303 (14 LMs in 0.03sec)
#points w/ large errors:	4
Focal Length : [2704.000]->[2703.880]
Radial Distortion : [-0.031 -> -11]

#############################
#11: [090] sees 34 (+505) 3D points
Focal Length in EXIF  [2704.000]
Estimated Focal Length [2704][1.00N]
# 24 projs (0 pts and 0 merges)
PBA: 3643 3D pts, 11 cams and 9039 projs...
PBA: 0.296 -> 0.289 (22 LMs in 0.10sec)
Focal Length : [2704.000]->[2801.809]
Radial Distortion : [-0.085 -> -27]

#############################
#12: [285] sees 35 (+128) 3D points
Focal Length in EXIF  [2704.000]
Estimated Focal Length [2704][1.00N]
# 35 projs (0 pts and 0 merges)
PBA: 3643 3D pts, 12 cams and 9074 projs...
PBA: 0.310 -> 0.306 (19 LMs in 0.06sec)
#points w/ large errors:	1

**************************************
#12/12:  1708 projs and 786 pts added.
PBA: 4428 3D pts, 12 cams and 10742 projs...
PBA: 0.321 -> 0.287 (22 LMs in 0.15sec)
#points w/ large errors:	2
PBA: 4426 3D pts, 12 cams and 10732 projs...
PBA: 0.282 -> 0.278 (17 LMs in 0.06sec)
#points w/ large errors:	1
Focal Length : [2704.000]->[2696.741]
Radial Distortion : [-0.007 -> -3]

#############################
#13: [270] sees 30 (+167) 3D points
Focal Length in EXIF  [2704.000]
Estimated Focal Length [2704][1.00N]
# 29 projs (0 pts and 0 merges)
PBA: 4424 3D pts, 13 cams and 10757 projs...
PBA: 0.294 -> 0.291 (26 LMs in 0.06sec)
#points w/ large errors:	2
Focal Length : [2704.000]->[2705.840]
Radial Distortion : [-0.008 -> -3]

#############################
#14: [105] sees 143 (+137) 3D points
Focal Length in EXIF  [2704.000]
Estimated Focal Length [2704][1.00N]
# 388 projs (138 pts and 0 merges)
PBA: 4558 3D pts, 14 cams and 11136 projs...
PBA: 0.380 -> 0.310 (20 LMs in 0.11sec)
#points w/ large errors:	1
Radial Distortion : [0.074 -> 24]
# 0 projs (0 pts and 0 merges)
Focal Length : [2704.000]->[2733.234]
Radial Distortion : [0.074 -> 24]

#############################
#15: [120] sees 138 (+319) 3D points
Focal Length in EXIF  [2704.000]
Estimated Focal Length [2704][1.00N]
# 745 projs (320 pts and 0 merges)
PBA: 4874 3D pts, 15 cams and 11873 projs...
PBA: 0.453 -> 0.346 (69 LMs in 0.20sec)
#points w/ large errors:	9
Focal Length : [2704.000]->[2712.052]
Radial Distortion : [0.005 -> 1]

#############################
#16: [135] sees 77 (+136) 3D points
Focal Length in EXIF  [2704.000]
Estimated Focal Length [2704][1.00N]
# 354 projs (138 pts and 0 merges)
PBA: 5004 3D pts, 16 cams and 12204 projs...
PBA: 0.422 -> 0.336 (16 LMs in 0.14sec)
#points w/ large errors:	10

**************************************
#16/16:  722 projs and 320 pts added.
PBA: 5176 3D pts, 16 cams and 12542 projs...
PBA: 0.365 -> 0.322 (30 LMs in 0.23sec)
PBA: 5176 3D pts, 16 cams and 12542 projs...
PBA: 0.322 -> 0.322 (12 LMs in 0.03sec)
Focal Length : [2704.000]->[2736.189]
Radial Distortion : [0.011 -> 3]

#############################
#17: [150] sees 62 (+271) 3D points
Focal Length in EXIF  [2704.000]
Estimated Focal Length [2704][1.00N]
# 63 projs (0 pts and 0 merges)
PBA: 5176 3D pts, 17 cams and 12605 projs...
PBA: 0.365 -> 0.319 (17 LMs in 0.06sec)
#points w/ large errors:	12
Focal Length : [2704.000]->[2727.229]
Radial Distortion : [0.015 -> 4]

#############################
#18: [165] sees 24 (+433) 3D points
Focal Length in EXIF  [2704.000]
Estimated Focal Length [2704][1.00N]
# 27 projs (0 pts and 0 merges)
PBA: 5164 3D pts, 18 cams and 12600 projs...
PBA: 0.332 -> 0.301 (26 LMs in 0.09sec)
Focal Length : [2704.000]->[2727.095]
Radial Distortion : [-0.031 -> -11]

#############################
#19: [255] sees 49 (+332) 3D points
Focal Length in EXIF  [2704.000]
Estimated Focal Length [2704][1.00N]
# 49 projs (0 pts and 0 merges)
PBA: 5164 3D pts, 19 cams and 12649 projs...
PBA: 0.308 -> 0.300 (21 LMs in 0.06sec)
#points w/ large errors:	4
Focal Length : [2704.000]->[2716.821]
Radial Distortion : [-0.018 -> -7]

^^^^^^^^^^^^^^^^^^^^^^^^^^^^^^^^
#19/19:  2001 projs and 962 pts added.
PBA: 6122 3D pts, 19 cams and 14636 projs...
PBA: 0.344 -> 0.299 (21 LMs in 0.07sec)
#points w/ large errors:	1
PBA: 6121 3D pts, 19 cams and 14634 projs...
PBA: 0.291 -> 0.291 (21 LMs in 0.05sec)

#############################
#20: [180] sees 136 (+241) 3D points
Focal Length in EXIF  [2704.000]
Estimated Focal Length [2704][1.00N]
# 2639 projs (1212 pts and 0 merges)
PBA: 6370 3D pts, 20 cams and 15270 projs...
PBA: 0.372 -> 0.326 (24 LMs in 0.04sec)
#points w/ large errors:	2
Focal Length : [2704.000]->[2750.107]
Radial Distortion : [-0.015 -> -5]

#############################
#21: [195] sees 218 (+710) 3D points
Focal Length in EXIF  [2704.000]
Estimated Focal Length [2704][1.00N]
# 182 projs (0 pts and 0 merges)
SKIP: 0 cams, 3 points, 5 projs
PBA: 6367 3D pts, 20 cams and 15445 projs...
PBA: 0.379 -> 0.332 (5 LMs in 0.05sec)
#points w/ large errors:	4
Focal Length : [2704.000]->[2704.354]
Radial Distortion : [-0.051 -> -18]

#############################
#22: [210] sees 93 (+711) 3D points
Focal Length in EXIF  [2704.000]
Estimated Focal Length [2704][1.00N]
# 70 projs (0 pts and 0 merges)
SKIP: 0 cams, 17 points, 32 projs
PBA: 6354 3D pts, 20 cams and 15485 projs...
PBA: 0.394 -> 0.364 (5 LMs in 0.08sec)
#points w/ large errors:	6
Focal Length : [2704.000]->[2693.908]
Radial Distortion : [-0.037 -> -13]

#############################
#23: [225] sees 39 (+806) 3D points
Focal Length in EXIF  [2704.000]
Estimated Focal Length [2704][1.00N]
# 31 projs (0 pts and 0 merges)
SKIP: 0 cams, 874 points, 1858 projs
PBA: 5497 3D pts, 20 cams and 13678 projs...
PBA: 0.382 -> 0.370 (5 LMs in 0.11sec)
#points w/ large errors:	8
Focal Length : [2704.000]->[2697.710]
Radial Distortion : [-0.024 -> -9]

#############################
#24: [240] sees 76 (+370) 3D points
Focal Length in EXIF  [2704.000]
Estimated Focal Length [2704][1.00N]
# 77 projs (0 pts and 0 merges)
SKIP: 0 cams, 1494 points, 3414 projs
PBA: 4877 3D pts, 20 cams and 12173 projs...
PBA: 0.415 -> 0.363 (5 LMs in 0.08sec)
#points w/ large errors:	6

**************************************
#24/24:  4779 projs and 2041 pts added.
PBA: 8367 3D pts, 24 cams and 20186 projs...
PBA: 1.709 -> 0.397 (27 LMs in 0.26sec)
#points w/ large errors:	10
PBA: 8357 3D pts, 24 cams and 20160 projs...
PBA: 0.379 -> 0.379 (12 LMs in 0.08sec)
Focal Length : [2704.000]->[2743.286]
Radial Distortion : [-0.119 -> -40]
END: No more images to add [0 projs]

#############################
Failed to find two images for initialization
Resuming SfM finished, 6 sec used

---------------------------------------------------
24 cams, 8368 pts (3+: 2327)
20160 projections (3+: 8100)
---------------------------------------------------
1 model(s) reconstructed from 24 images;
24 modeled; 0 reused; 24 EXIF; 
2MB(2) used to store feature location.
---------------------------------------------------

########-------timing------#########
Structure-From-Motion finished, 7 sec used
5.8(5.5) seconds on Bundle Adjustment (+)
5.6(5.3) seconds on Bundle Adjustment (*)
#############################
----------------------------------------------------------------
Run full 3D reconstruction, finished
Totally 7.000 seconds used


Compute remaining photos, begin...

---------------------------------------------------
24 cams, 8368 pts (3+: 2327)
20160 projections (3+: 8100)
---------------------------------------------------
1 model(s) reconstructed from 24 images;
24 modeled; 0 reused; 24 EXIF; 
2MB(2) used to store feature location.
---------------------------------------------------
----------------------------------------------------------------
Compute remaining photos, finished
Totally 0.000 seconds used


Run dense reconstruction, begin...
Save to output.nvm ... done

#############################
Undistorting 24 images in model #0
param_undistortion_thread_num = 0
NOTE: using 20 threads...
#03: 240 -> 00000023.jpg, 0.753 sec
#00: 345 -> 00000000.jpg, 0.757 sec
#02: 270 -> 00000012.jpg, 0.775 sec
#14: 195 -> 00000020.jpg, 0.782 sec
#06: 315 -> 00000006.jpg, 0.784 sec
#07: 225 -> 00000022.jpg, 0.793 sec
#10: 090 -> 00000010.jpg, 0.814 sec
#13: 255 -> 00000018.jpg, 0.839 sec
#04: 045 -> 00000004.jpg, 0.842 sec
#01: 000 -> 00000002.jpg, 0.847 sec
#18: 210 -> 00000021.jpg, 0.853 sec
#11: 120 -> 00000014.jpg, 0.862 sec
#09: 075 -> 00000009.jpg, 0.878 sec
#05: 330 -> 00000005.jpg, 0.924 sec
#08: 060 -> 00000008.jpg, 0.951 sec
#12: 150 -> 00000016.jpg, 0.961 sec
#00: 015 -> 00000001.jpg, 0.635 sec
#02: 105 -> 00000013.jpg, 0.641 sec
#11: 135 -> 00000015.jpg, 0.592 sec
#01: 030 -> 00000003.jpg, 0.650 sec
#13: 180 -> 00000019.jpg, 0.660 sec
#06: 300 -> 00000007.jpg, 0.725 sec
#10: 285 -> 00000011.jpg, 0.699 sec
#12: 165 -> 00000017.jpg, 0.585 sec
----------------------------------------------------------------
Running Yasutaka Furukawa's CMVS tool...
cmvs C:\Users\etudiants\Downloads\head_cs_light\output.nvm.cmvs\00\ 50 20
ERROR: the above CMVS command failed!
FAQ: http://ccwu.me/vsfm/doc.html#errors
----------------------------------------------------------------
Run dense reconstruction, finished
Totally 1.000 seconds used


Compute remaining photos, begin...

---------------------------------------------------
24 cams, 8368 pts (3+: 2327)
20160 projections (3+: 8100)
---------------------------------------------------
1 model(s) reconstructed from 24 images;
24 modeled; 0 reused; 24 EXIF; 
2MB(2) used to store feature location.
---------------------------------------------------
----------------------------------------------------------------
Compute remaining photos, finished
Totally 0.000 seconds used

